{
  "RSpec": {
    "coverage": {
      "/Users/tiffanyhutton/Craft_Projects/trading-calc-api/app/models/user.rb": [
        null,
        null,
        1,
        1,
        null,
        1,
        null,
        1,
        null,
        null
      ],
      "/Users/tiffanyhutton/Craft_Projects/trading-calc-api/app/models/setup.rb": [
        1,
        1,
        null
      ],
      "/Users/tiffanyhutton/Craft_Projects/trading-calc-api/app/models/application_record.rb": [
        1,
        1,
        null
      ],
      "/Users/tiffanyhutton/Craft_Projects/trading-calc-api/app/models/trade.rb": [
        1,
        1,
        null
      ],
      "/Users/tiffanyhutton/Craft_Projects/trading-calc-api/app/controllers/application_controller.rb": [
        1,
        1,
        null,
        1,
        null,
        1,
        null,
        1,
        14,
        14,
        null,
        null
      ],
      "/Users/tiffanyhutton/Craft_Projects/trading-calc-api/app/controllers/api/v1/admin/users_controller.rb": [
        1,
        1,
        null,
        1,
        2,
        2,
        2,
        2,
        null,
        0,
        null,
        null,
        null,
        1,
        null,
        1,
        2,
        null,
        null,
        null
      ],
      "/Users/tiffanyhutton/Craft_Projects/trading-calc-api/app/controllers/api/v1/setups_controller.rb": [
        1,
        1,
        null,
        1,
        4,
        4,
        2,
        null,
        2,
        null,
        null,
        null,
        1,
        4,
        4,
        2,
        2,
        null,
        2,
        null,
        null,
        null,
        1,
        2,
        2,
        null,
        null,
        1,
        4,
        4,
        2,
        null,
        2,
        null,
        null,
        null,
        1,
        2,
        2,
        2,
        2,
        null,
        0,
        null,
        null,
        null,
        1,
        null,
        1,
        4,
        null,
        null,
        1,
        2,
        null,
        null
      ],
      "/Users/tiffanyhutton/Craft_Projects/trading-calc-api/app/controllers/api/v1/trades_controller.rb": [
        null,
        null,
        1,
        1,
        null,
        1,
        2,
        2,
        null,
        null,
        1,
        3,
        null,
        3,
        1,
        null,
        2,
        null,
        null,
        null,
        1,
        0,
        null,
        null,
        1,
        null,
        1,
        3,
        null,
        null,
        null,
        null,
        null,
        null,
        null,
        null,
        null,
        null,
        null,
        null,
        null,
        null,
        null,
        null,
        null,
        null,
        null,
        null,
        null
      ],
      "/Users/tiffanyhutton/Craft_Projects/trading-calc-api/app/mailers/application_mailer.rb": [
        0,
        0,
        0,
        0
      ],
      "/Users/tiffanyhutton/Craft_Projects/trading-calc-api/app/jobs/application_job.rb": [
        0,
        null,
        null,
        null,
        null,
        null,
        0
      ],
      "/Users/tiffanyhutton/Craft_Projects/trading-calc-api/app/channels/application_cable/connection.rb": [
        0,
        0,
        0,
        0
      ],
      "/Users/tiffanyhutton/Craft_Projects/trading-calc-api/app/channels/application_cable/channel.rb": [
        0,
        0,
        0,
        0
      ]
    },
    "timestamp": 1626890479
  }
}
